<?xml version="1.0" encoding="UTF-8"?>
<!-- Generated by org.testng.reporters.JUnitReportReporter -->
<testsuite hostname="BestPC" name="com.epam.reutska.googleCom.LogoutTest" tests="1" failures="0" timestamp="23 Oct 2013 21:37:44 GMT" time="1.212" errors="0">
  <testcase name="testGooglecom" time="1.212" classname="com.epam.reutska.googleCom.LogoutTest"/>
</testsuite> <!-- com.epam.reutska.googleCom.LogoutTest -->
